GAS LISTING /tmp/ccXaptDI.s 			page 1


   1              		.file	"thread_globals.cpp"
   2              		.option pic
   3              		.option norelax
   4              		.text
   5              	.Ltext0:
   6              		.globl	currentThread
   7              		.bss
   8              		.align	3
  11              	currentThread:
  12 0000 00000000 		.zero	8
  12      00000000 
  13              		.text
  14              	.Letext0:
  15              		.file 1 "src/../h/../lib/hw.h"
  16              		.file 2 "src/../h/context.hpp"
  17              		.file 3 "src/../h/Thread.hpp"
  18              		.file 4 "src/thread_globals.cpp"
GAS LISTING /tmp/ccXaptDI.s 			page 2


DEFINED SYMBOLS
                            *ABS*:0000000000000000 thread_globals.cpp
     /tmp/ccXaptDI.s:11     .bss:0000000000000000 currentThread
     /tmp/ccXaptDI.s:392    .debug_abbrev:0000000000000000 .Ldebug_abbrev0
     /tmp/ccXaptDI.s:867    .debug_str:000000000000014e .LASF38
     /tmp/ccXaptDI.s:917    .debug_str:0000000000000341 .LASF39
     /tmp/ccXaptDI.s:893    .debug_str:00000000000002ae .LASF40
     /tmp/ccXaptDI.s:819    .debug_line:0000000000000000 .Ldebug_line0
     /tmp/ccXaptDI.s:875    .debug_str:000000000000023e .LASF0
     /tmp/ccXaptDI.s:859    .debug_str:0000000000000120 .LASF1
     /tmp/ccXaptDI.s:853    .debug_str:00000000000000fa .LASF2
     /tmp/ccXaptDI.s:833    .debug_str:000000000000006c .LASF4
     /tmp/ccXaptDI.s:857    .debug_str:000000000000010e .LASF3
     /tmp/ccXaptDI.s:825    .debug_str:0000000000000035 .LASF5
     /tmp/ccXaptDI.s:823    .debug_str:0000000000000022 .LASF6
     /tmp/ccXaptDI.s:847    .debug_str:00000000000000d1 .LASF7
     /tmp/ccXaptDI.s:887    .debug_str:0000000000000280 .LASF8
     /tmp/ccXaptDI.s:829    .debug_str:0000000000000042 .LASF9
     /tmp/ccXaptDI.s:919    .debug_str:0000000000000358 .LASF10
     /tmp/ccXaptDI.s:849    .debug_str:00000000000000e4 .LASF11
     /tmp/ccXaptDI.s:909    .debug_str:000000000000031c .LASF12
     /tmp/ccXaptDI.s:881    .debug_str:000000000000025d .LASF13
     /tmp/ccXaptDI.s:861    .debug_str:0000000000000133 .LASF14
     /tmp/ccXaptDI.s:843    .debug_str:00000000000000ad .LASF15
     /tmp/ccXaptDI.s:889    .debug_str:0000000000000290 .LASF16
     /tmp/ccXaptDI.s:913    .debug_str:0000000000000334 .LASF41
     /tmp/ccXaptDI.s:879    .debug_str:0000000000000251 .LASF42
     /tmp/ccXaptDI.s:855    .debug_str:0000000000000108 .LASF17
     /tmp/ccXaptDI.s:911    .debug_str:000000000000032c .LASF18
     /tmp/ccXaptDI.s:869    .debug_str:0000000000000212 .LASF19
     /tmp/ccXaptDI.s:897    .debug_str:00000000000002de .LASF20
     /tmp/ccXaptDI.s:851    .debug_str:00000000000000f3 .LASF21
     /tmp/ccXaptDI.s:835    .debug_str:0000000000000073 .LASF23
     /tmp/ccXaptDI.s:885    .debug_str:000000000000027b .LASF43
     /tmp/ccXaptDI.s:899    .debug_str:00000000000002e7 .LASF22
     /tmp/ccXaptDI.s:873    .debug_str:000000000000022f .LASF24
     /tmp/ccXaptDI.s:877    .debug_str:000000000000024b .LASF25
     /tmp/ccXaptDI.s:839    .debug_str:0000000000000091 .LASF26
     /tmp/ccXaptDI.s:901    .debug_str:00000000000002ef .LASF27
     /tmp/ccXaptDI.s:895    .debug_str:00000000000002cc .LASF28
     /tmp/ccXaptDI.s:903    .debug_str:00000000000002f4 .LASF44
     /tmp/ccXaptDI.s:871    .debug_str:000000000000021a .LASF45
     /tmp/ccXaptDI.s:841    .debug_str:00000000000000a4 .LASF46
     /tmp/ccXaptDI.s:907    .debug_str:0000000000000305 .LASF47
     /tmp/ccXaptDI.s:905    .debug_str:00000000000002fc .LASF29
     /tmp/ccXaptDI.s:821    .debug_str:0000000000000000 .LASF30
     /tmp/ccXaptDI.s:891    .debug_str:00000000000002a6 .LASF31
     /tmp/ccXaptDI.s:837    .debug_str:000000000000008b .LASF32
     /tmp/ccXaptDI.s:865    .debug_str:0000000000000144 .LASF33
     /tmp/ccXaptDI.s:863    .debug_str:000000000000013f .LASF34
     /tmp/ccXaptDI.s:827    .debug_str:000000000000003c .LASF35
     /tmp/ccXaptDI.s:915    .debug_str:000000000000033c .LASF36
     /tmp/ccXaptDI.s:845    .debug_str:00000000000000c3 .LASF48
     /tmp/ccXaptDI.s:831    .debug_str:0000000000000050 .LASF49
     /tmp/ccXaptDI.s:883    .debug_str:000000000000026d .LASF37
     /tmp/ccXaptDI.s:20     .debug_info:0000000000000000 .Ldebug_info0

GAS LISTING /tmp/ccXaptDI.s 			page 3


NO UNDEFINED SYMBOLS
